[
    {
        "Id": "c09910bfcba4134e8ff2eac17ca5f3d4a82e3c91096e6fc3112c2623445e3534",
        "Created": "2023-10-26T14:32:57.389569502Z",
        "Path": "/bin/bash",
        "Args": [
            "-c",
            "while (!</dev/tcp/dspacedb/5432) > /dev/null 2>&1; do sleep 1; done;\n/dspace/bin/dspace database migrate\ncatalina.sh run\n"
        ],
        "State": {
            "Status": "running",
            "Running": true,
            "Paused": false,
            "Restarting": false,
            "OOMKilled": false,
            "Dead": false,
            "Pid": 137260,
            "ExitCode": 0,
            "Error": "",
            "StartedAt": "2023-10-31T14:26:12.256036236Z",
            "FinishedAt": "2023-10-31T14:26:11.46550282Z"
        },
        "Image": "sha256:6852a8e93ef320bf1532c3b677dd7e60db08e67b47262f4b017de868b0e88ad8",
        "ResolvConfPath": "/var/lib/docker/containers/c09910bfcba4134e8ff2eac17ca5f3d4a82e3c91096e6fc3112c2623445e3534/resolv.conf",
        "HostnamePath": "/var/lib/docker/containers/c09910bfcba4134e8ff2eac17ca5f3d4a82e3c91096e6fc3112c2623445e3534/hostname",
        "HostsPath": "/var/lib/docker/containers/c09910bfcba4134e8ff2eac17ca5f3d4a82e3c91096e6fc3112c2623445e3534/hosts",
        "LogPath": "/var/lib/docker/containers/c09910bfcba4134e8ff2eac17ca5f3d4a82e3c91096e6fc3112c2623445e3534/c09910bfcba4134e8ff2eac17ca5f3d4a82e3c91096e6fc3112c2623445e3534-json.log",
        "Name": "/dspace",
        "RestartCount": 0,
        "Driver": "overlay2",
        "Platform": "linux",
        "MountLabel": "",
        "ProcessLabel": "",
        "AppArmorProfile": "docker-default",
        "ExecIDs": null,
        "HostConfig": {
            "Binds": [
                "/home/pourbaixmi/Documents/projects/DSpace/dspace/config:/dspace/config:rw"
            ],
            "ContainerIDFile": "",
            "LogConfig": {
                "Type": "json-file",
                "Config": {}
            },
            "NetworkMode": "dspace_dspacenet",
            "PortBindings": {
                "8000/": [
                    {
                        "HostIp": "",
                        "HostPort": "8000"
                    }
                ],
                "8009/": [
                    {
                        "HostIp": "",
                        "HostPort": "8009"
                    }
                ],
                "8080/": [
                    {
                        "HostIp": "",
                        "HostPort": "8080"
                    }
                ]
            },
            "RestartPolicy": {
                "Name": "",
                "MaximumRetryCount": 0
            },
            "AutoRemove": false,
            "VolumeDriver": "",
            "VolumesFrom": null,
            "ConsoleSize": [
                0,
                0
            ],
            "CapAdd": null,
            "CapDrop": null,
            "CgroupnsMode": "private",
            "Dns": [],
            "DnsOptions": [],
            "DnsSearch": [],
            "ExtraHosts": [],
            "GroupAdd": null,
            "IpcMode": "private",
            "Cgroup": "",
            "Links": null,
            "OomScoreAdj": 0,
            "PidMode": "",
            "Privileged": false,
            "PublishAllPorts": false,
            "ReadonlyRootfs": false,
            "SecurityOpt": null,
            "UTSMode": "",
            "UsernsMode": "",
            "ShmSize": 67108864,
            "Runtime": "runc",
            "Isolation": "",
            "CpuShares": 0,
            "Memory": 0,
            "NanoCpus": 0,
            "CgroupParent": "",
            "BlkioWeight": 0,
            "BlkioWeightDevice": null,
            "BlkioDeviceReadBps": null,
            "BlkioDeviceWriteBps": null,
            "BlkioDeviceReadIOps": null,
            "BlkioDeviceWriteIOps": null,
            "CpuPeriod": 0,
            "CpuQuota": 0,
            "CpuRealtimePeriod": 0,
            "CpuRealtimeRuntime": 0,
            "CpusetCpus": "",
            "CpusetMems": "",
            "Devices": null,
            "DeviceCgroupRules": null,
            "DeviceRequests": null,
            "MemoryReservation": 0,
            "MemorySwap": 0,
            "MemorySwappiness": null,
            "OomKillDisable": null,
            "PidsLimit": null,
            "Ulimits": null,
            "CpuCount": 0,
            "CpuPercent": 0,
            "IOMaximumIOps": 0,
            "IOMaximumBandwidth": 0,
            "Mounts": [
                {
                    "Type": "volume",
                    "Source": "dspace_assetstore",
                    "Target": "/dspace/assetstore",
                    "VolumeOptions": {}
                }
            ],
            "MaskedPaths": [
                "/proc/asound",
                "/proc/acpi",
                "/proc/kcore",
                "/proc/keys",
                "/proc/latency_stats",
                "/proc/timer_list",
                "/proc/timer_stats",
                "/proc/sched_debug",
                "/proc/scsi",
                "/sys/firmware"
            ],
            "ReadonlyPaths": [
                "/proc/bus",
                "/proc/fs",
                "/proc/irq",
                "/proc/sys",
                "/proc/sysrq-trigger"
            ]
        },
        "GraphDriver": {
            "Data": {
                "LowerDir": "/var/lib/docker/overlay2/b8814f973ea4e1368cf1ccd5cc85fbcfc0af5c0a32514c0b4e11b677be1c334c-init/diff:/var/lib/docker/overlay2/vpc1a1aclbsjg44871siaqv3l/diff:/var/lib/docker/overlay2/m8obvxdih97gmjmwwsf1gh4l8/diff:/var/lib/docker/overlay2/40a694f0949ffbc36aeec1ee6a865978e1459a2770bf110a0a7ead35b0588d15/diff:/var/lib/docker/overlay2/9c6af02e7a94218cae6657d2efeae25b349b7fe915b70b90f0ec64b1493cd1af/diff:/var/lib/docker/overlay2/666c66b49ae669a5c01b074f54bdfd48ccca98eb7cc15e3d812c4c95b8a5b868/diff:/var/lib/docker/overlay2/67c45baa05af2452c446416f2a595bc1ef27cce42176ddaf8d2ed75f2284fad4/diff:/var/lib/docker/overlay2/b3d4b3a8fdde1ccd79b9215169b83fc7b98463f4f0337adf71f133159814cebb/diff:/var/lib/docker/overlay2/50c280c81b37311252660a98679cf6fa21a4d2d369434546d92ec60eec8ddf39/diff:/var/lib/docker/overlay2/d8e5f32ce073bf7119e3cb12d5df7e6f94ecb10d157f539a272ba14798fc29aa/diff:/var/lib/docker/overlay2/c52479fbd4bdf71ec510a3e0a01ba71c8e789e6279f7a88789149c42d5ad6349/diff",
                "MergedDir": "/var/lib/docker/overlay2/b8814f973ea4e1368cf1ccd5cc85fbcfc0af5c0a32514c0b4e11b677be1c334c/merged",
                "UpperDir": "/var/lib/docker/overlay2/b8814f973ea4e1368cf1ccd5cc85fbcfc0af5c0a32514c0b4e11b677be1c334c/diff",
                "WorkDir": "/var/lib/docker/overlay2/b8814f973ea4e1368cf1ccd5cc85fbcfc0af5c0a32514c0b4e11b677be1c334c/work"
            },
            "Name": "overlay2"
        },
        "Mounts": [
            {
                "Type": "volume",
                "Name": "dspace_assetstore",
                "Source": "/var/lib/docker/volumes/dspace_assetstore/_data",
                "Destination": "/dspace/assetstore",
                "Driver": "local",
                "Mode": "z",
                "RW": true,
                "Propagation": ""
            },
            {
                "Type": "bind",
                "Source": "/home/pourbaixmi/Documents/projects/DSpace/dspace/config",
                "Destination": "/dspace/config",
                "Mode": "rw",
                "RW": true,
                "Propagation": "rprivate"
            }
        ],
        "Config": {
            "Hostname": "c09910bfcba4",
            "Domainname": "",
            "User": "",
            "AttachStdin": false,
            "AttachStdout": true,
            "AttachStderr": true,
            "ExposedPorts": {
                "8000/": {},
                "8009/": {},
                "8009/tcp": {},
                "8080/": {},
                "8080/tcp": {}
            },
            "Tty": true,
            "OpenStdin": true,
            "StdinOnce": false,
            "Env": [
                "db__P__url=jdbc:postgresql://dspacedb:5432/dspace",
                "solr__P__server=http://dspacesolr:8983/solr",
                "proxies__P__trusted__P__ipranges=192.168.0",
                "dspace__P__dir=/dspace",
                "dspace__P__server__P__url=http://localhost:8080/server",
                "dspace__P__ui__P__url=http://localhost:4000",
                "dspace__P__name=DSpace-Cris Started with Docker Compose",
                "PATH=/usr/local/tomcat/bin:/opt/java/openjdk/bin:/usr/local/sbin:/usr/local/bin:/usr/sbin:/usr/bin:/sbin:/bin",
                "JAVA_HOME=/opt/java/openjdk",
                "LANG=en_US.UTF-8",
                "LANGUAGE=en_US:en",
                "LC_ALL=en_US.UTF-8",
                "JAVA_VERSION=jdk-11.0.20.1+1",
                "CATALINA_HOME=/usr/local/tomcat",
                "TOMCAT_NATIVE_LIBDIR=/usr/local/tomcat/native-jni-lib",
                "LD_LIBRARY_PATH=/usr/local/tomcat/native-jni-lib",
                "GPG_KEYS=48F8E69F6390C9F25CFEDCD268248959359E722B A9C5DF4D22E99998D9875A5110C01C5A2F6059E7 DCFD35E0BF8CA7344752DE8B6FB21E8933C60243",
                "TOMCAT_MAJOR=9",
                "TOMCAT_VERSION=9.0.82",
                "TOMCAT_SHA512=2b13f11f4e0d0b9aee667c256c6ea5d2853b067e8b7e8293f117da050d3833fda8aa9d9ad278bd12fb7fbf0825108c7d0384509f44c05f9bad73eb099cfaa128",
                "DSPACE_INSTALL=/dspace",
                "JAVA_OPTS=-Xmx2000m"
            ],
            "Cmd": null,
            "Image": "test/dspace-cris",
            "Volumes": null,
            "WorkingDir": "/usr/local/tomcat",
            "Entrypoint": [
                "/bin/bash",
                "-c",
                "while (!</dev/tcp/dspacedb/5432) > /dev/null 2>&1; do sleep 1; done;\n/dspace/bin/dspace database migrate\ncatalina.sh run\n"
            ],
            "OnBuild": null,
            "Labels": {
                "com.docker.compose.config-hash": "e4baeab9b1198452d16ebb225a29aa32c51071f3b62a80ff6adcb0100d6f309e",
                "com.docker.compose.container-number": "1",
                "com.docker.compose.depends_on": "dspacedb:service_started:false",
                "com.docker.compose.image": "sha256:6852a8e93ef320bf1532c3b677dd7e60db08e67b47262f4b017de868b0e88ad8",
                "com.docker.compose.oneoff": "False",
                "com.docker.compose.project": "dspace",
                "com.docker.compose.project.config_files": "/home/pourbaixmi/Documents/projects/DSpace/docker-compose-back.yml",
                "com.docker.compose.project.working_dir": "/home/pourbaixmi/Documents/projects/DSpace",
                "com.docker.compose.service": "dspace",
                "com.docker.compose.version": "2.21.0",
                "org.opencontainers.image.ref.name": "ubuntu",
                "org.opencontainers.image.version": "22.04"
            }
        },
        "NetworkSettings": {
            "Bridge": "",
            "SandboxID": "cc1a6a63d7ded654eb4a96cbbaaea6d2fb030a26f97662cd5f73f4f5faa9363f",
            "HairpinMode": false,
            "LinkLocalIPv6Address": "",
            "LinkLocalIPv6PrefixLen": 0,
            "Ports": {
                "8000/tcp": [
                    {
                        "HostIp": "0.0.0.0",
                        "HostPort": "8000"
                    },
                    {
                        "HostIp": "::",
                        "HostPort": "8000"
                    }
                ],
                "8009/tcp": [
                    {
                        "HostIp": "0.0.0.0",
                        "HostPort": "8009"
                    },
                    {
                        "HostIp": "::",
                        "HostPort": "8009"
                    }
                ],
                "8080/tcp": [
                    {
                        "HostIp": "0.0.0.0",
                        "HostPort": "8080"
                    },
                    {
                        "HostIp": "::",
                        "HostPort": "8080"
                    }
                ]
            },
            "SandboxKey": "/var/run/docker/netns/cc1a6a63d7de",
            "SecondaryIPAddresses": null,
            "SecondaryIPv6Addresses": null,
            "EndpointID": "",
            "Gateway": "",
            "GlobalIPv6Address": "",
            "GlobalIPv6PrefixLen": 0,
            "IPAddress": "",
            "IPPrefixLen": 0,
            "IPv6Gateway": "",
            "MacAddress": "",
            "Networks": {
                "dspace_dspacenet": {
                    "IPAMConfig": null,
                    "Links": null,
                    "Aliases": [
                        "dspace",
                        "dspace",
                        "c09910bfcba4"
                    ],
                    "NetworkID": "84998742534ef584723a6bc288192227be3e61f97daf253c2ef92ede6ab25fa0",
                    "EndpointID": "6c6473a8c40bced96dd609736a714b27f0901070ce0eed50da2011188376af5a",
                    "Gateway": "192.168.0.1",
                    "IPAddress": "192.168.0.2",
                    "IPPrefixLen": 24,
                    "IPv6Gateway": "",
                    "GlobalIPv6Address": "",
                    "GlobalIPv6PrefixLen": 0,
                    "MacAddress": "02:42:c0:a8:00:02",
                    "DriverOpts": null
                }
            }
        }
    }
]
2023-10-31 14:28:29,095 main ERROR IfAccumulatedFileCount invalid or missing threshold value.
2023-10-31 14:28:29,105 main ERROR IfAccumulatedFileCount invalid or missing threshold value.
2023-10-31 14:28:29,107 main ERROR IfAccumulatedFileCount invalid or missing threshold value.
2023-10-31 14:28:29,108 main ERROR IfAccumulatedFileCount invalid or missing threshold value.
2023-10-31 14:28:29,109 main ERROR IfAccumulatedFileCount invalid or missing threshold value.

Database URL: jdbc:postgresql://dspacedb:5432/dspace

WARNING: ALL DATA AND TABLES IN YOUR DATABASE WILL BE PERMANENTLY DELETED.

There is NO turning back from this action. Backup your DB before continuing.

POSTGRES WARNING: the 'pgcrypto' extension will be dropped if it is in the same schema as the DSpace database.

Do you want to PERMANENTLY DELETE everything from your database? [y/n]: Scrubbing database clean... (Check dspace logs for details)
Done.
2023-10-31 14:28:33,915 main ERROR IfAccumulatedFileCount invalid or missing threshold value.
2023-10-31 14:28:33,925 main ERROR IfAccumulatedFileCount invalid or missing threshold value.
2023-10-31 14:28:33,927 main ERROR IfAccumulatedFileCount invalid or missing threshold value.
2023-10-31 14:28:33,928 main ERROR IfAccumulatedFileCount invalid or missing threshold value.
2023-10-31 14:28:33,929 main ERROR IfAccumulatedFileCount invalid or missing threshold value.

Database URL: jdbc:postgresql://dspacedb:5432/dspace
Migrating database to latest version... (Check dspace logs for details)
Done.
dspace
2023-10-31 14:29:09,840 main ERROR IfAccumulatedFileCount invalid or missing threshold value.
2023-10-31 14:29:09,860 main ERROR IfAccumulatedFileCount invalid or missing threshold value.
2023-10-31 14:29:09,864 main ERROR IfAccumulatedFileCount invalid or missing threshold value.
2023-10-31 14:29:09,867 main ERROR IfAccumulatedFileCount invalid or missing threshold value.
2023-10-31 14:29:09,870 main ERROR IfAccumulatedFileCount invalid or missing threshold value.
Creating an initial administrator account
Administrator account created
2023-10-31 14:29:23,669 main ERROR IfAccumulatedFileCount invalid or missing threshold value.
2023-10-31 14:29:23,709 main ERROR IfAccumulatedFileCount invalid or missing threshold value.
2023-10-31 14:29:23,717 main ERROR IfAccumulatedFileCount invalid or missing threshold value.
2023-10-31 14:29:23,722 main ERROR IfAccumulatedFileCount invalid or missing threshold value.
2023-10-31 14:29:23,728 main ERROR IfAccumulatedFileCount invalid or missing threshold value.
2023-10-31 14:29:35,260 main ERROR IfAccumulatedFileCount invalid or missing threshold value.
2023-10-31 14:29:35,273 main ERROR IfAccumulatedFileCount invalid or missing threshold value.
2023-10-31 14:29:35,275 main ERROR IfAccumulatedFileCount invalid or missing threshold value.
2023-10-31 14:29:35,277 main ERROR IfAccumulatedFileCount invalid or missing threshold value.
2023-10-31 14:29:35,279 main ERROR IfAccumulatedFileCount invalid or missing threshold value.
Created EPerson 9d6db6a5-890f-463a-8ab2-98c158fd5750
2023-10-31 14:29:44,946 main ERROR IfAccumulatedFileCount invalid or missing threshold value.
2023-10-31 14:29:44,958 main ERROR IfAccumulatedFileCount invalid or missing threshold value.
2023-10-31 14:29:44,961 main ERROR IfAccumulatedFileCount invalid or missing threshold value.
2023-10-31 14:29:44,963 main ERROR IfAccumulatedFileCount invalid or missing threshold value.
2023-10-31 14:29:44,964 main ERROR IfAccumulatedFileCount invalid or missing threshold value.
Created EPerson 44e9ed69-411f-4c2a-8755-c19cf574a9f8
2023-10-31 14:29:53,149 main ERROR IfAccumulatedFileCount invalid or missing threshold value.
2023-10-31 14:29:53,162 main ERROR IfAccumulatedFileCount invalid or missing threshold value.
2023-10-31 14:29:53,164 main ERROR IfAccumulatedFileCount invalid or missing threshold value.
2023-10-31 14:29:53,166 main ERROR IfAccumulatedFileCount invalid or missing threshold value.
2023-10-31 14:29:53,168 main ERROR IfAccumulatedFileCount invalid or missing threshold value.
Created EPerson fc38c9ff-c316-4f3e-93aa-61c4184a9e6f
2023-10-31 14:30:02,978 main ERROR IfAccumulatedFileCount invalid or missing threshold value.
2023-10-31 14:30:02,993 main ERROR IfAccumulatedFileCount invalid or missing threshold value.
2023-10-31 14:30:02,995 main ERROR IfAccumulatedFileCount invalid or missing threshold value.
2023-10-31 14:30:02,997 main ERROR IfAccumulatedFileCount invalid or missing threshold value.
2023-10-31 14:30:02,999 main ERROR IfAccumulatedFileCount invalid or missing threshold value.
Created EPerson 9bc5fb08-e5d0-4f98-8a43-e66151bb2a8c
[2023-10-31 15:30:11,302] :: __main__        :: INFO         :: ⚙️ Connecting to admin account
[2023-10-31 15:30:12,013] :: __main__        :: INFO         :: ✅ Connected to Admin account
[2023-10-31 15:30:12,355] :: __main__        :: INFO         :: ✅ Accepted admin's users agreement
[2023-10-31 15:30:12,722] :: __main__        :: INFO         :: ✅ Accepted alt users agreement
[2023-10-31 15:30:13,342] :: __main__        :: INFO         :: ✅ Added new metadata schemas and fields
[2023-10-31 15:30:13,688] :: __main__        :: INFO         :: ✅ Added users groups
[2023-10-31 15:30:14,787] :: __main__        :: INFO         :: ✅ Added Master thesis collection rights
